# JRE version: Java(TM) SE Runtime Environment (8.0_211-b12) (build 1.8.0_211-b12)
# Java VM: Java HotSpot(TM) 64-Bit Server VM (25.211-b12 mixed mode windows-amd64 compressed oops)
Heap:
 PSYoungGen      total 134656K, used 110178K [0x00000000f5580000, 0x0000000100000000, 0x0000000100000000)
  eden space 101888K, 100% used [0x00000000f5580000,0x00000000fb900000,0x00000000fb900000)
  from space 32768K, 25% used [0x00000000fb900000,0x00000000fc118840,0x00000000fd900000)
  to   space 31232K, 0% used [0x00000000fe180000,0x00000000fe1b0000,0x0000000100000000)
 ParOldGen       total 229376K, used 121548K [0x00000000e0000000, 0x00000000ee000000, 0x00000000f5580000)
  object space 229376K, 52% used [0x00000000e0000000,0x00000000e76b3168,0x00000000ee000000)
 Metaspace       used 95966K, capacity 102892K, committed 103040K, reserved 1138688K
  class space    used 13297K, capacity 14697K, committed 14720K, reserved 1048576K
GC Heap History (10 events):
Event: 124.715 GC heap before
{Heap before GC invocations=57 (full 4):
 PSYoungGen      total 137728K, used 118901K [0x00000000f5580000, 0x00000000ffb00000, 0x0000000100000000)
  eden space 112128K, 100% used [0x00000000f5580000,0x00000000fc300000,0x00000000fc300000)
  from space 25600K, 26% used [0x00000000fe200000,0x00000000fe89d560,0x00000000ffb00000)
  to   space 28672K, 0% used [0x00000000fc300000,0x00000000fc300000,0x00000000fdf00000)
 ParOldGen       total 229376K, used 63192K [0x00000000e0000000, 0x00000000ee000000, 0x00000000f5580000)
  object space 229376K, 27% used [0x00000000e0000000,0x00000000e3db61e8,0x00000000ee000000)
 Metaspace       used 88291K, capacity 93292K, committed 93440K, reserved 1130496K
  class space    used 11867K, capacity 12763K, committed 12800K, reserved 1048576K
Event: 124.747 GC heap after
Heap after GC invocations=57 (full 4):
 PSYoungGen      total 140800K, used 28670K [0x00000000f5580000, 0x0000000100000000, 0x0000000100000000)
  eden space 112128K, 0% used [0x00000000f5580000,0x00000000f5580000,0x00000000fc300000)
  from space 28672K, 99% used [0x00000000fc300000,0x00000000fdeff820,0x00000000fdf00000)
  to   space 33792K, 0% used [0x00000000fdf00000,0x00000000fdf00000,0x0000000100000000)
 ParOldGen       total 229376K, used 69800K [0x00000000e0000000, 0x00000000ee000000, 0x00000000f5580000)
  object space 229376K, 30% used [0x00000000e0000000,0x00000000e442a188,0x00000000ee000000)
 Metaspace       used 88291K, capacity 93292K, committed 93440K, reserved 1130496K
  class space    used 11867K, capacity 12763K, committed 12800K, reserved 1048576K
}
Event: 126.270 GC heap before
{Heap before GC invocations=58 (full 4):
 PSYoungGen      total 140800K, used 140798K [0x00000000f5580000, 0x0000000100000000, 0x0000000100000000)
  eden space 112128K, 100% used [0x00000000f5580000,0x00000000fc300000,0x00000000fc300000)
  from space 28672K, 99% used [0x00000000fc300000,0x00000000fdeff820,0x00000000fdf00000)
  to   space 33792K, 0% used [0x00000000fdf00000,0x00000000fdf00000,0x0000000100000000)
 ParOldGen       total 229376K, used 69800K [0x00000000e0000000, 0x00000000ee000000, 0x00000000f5580000)
  object space 229376K, 30% used [0x00000000e0000000,0x00000000e442a188,0x00000000ee000000)
 Metaspace       used 94601K, capacity 101182K, committed 101376K, reserved 1136640K
  class space    used 13157K, capacity 14548K, committed 14592K, reserved 1048576K
Event: 126.301 GC heap after
Heap after GC invocations=58 (full 4):
 PSYoungGen      total 133632K, used 19280K [0x00000000f5580000, 0x0000000100000000, 0x0000000100000000)
  eden space 99840K, 0% used [0x00000000f5580000,0x00000000f5580000,0x00000000fb700000)
  from space 33792K, 57% used [0x00000000fdf00000,0x00000000ff1d4200,0x0000000100000000)
  to   space 37376K, 0% used [0x00000000fb700000,0x00000000fb700000,0x00000000fdb80000)
 ParOldGen       total 229376K, used 94128K [0x00000000e0000000, 0x00000000ee000000, 0x00000000f5580000)
  object space 229376K, 41% used [0x00000000e0000000,0x00000000e5bec1a0,0x00000000ee000000)
 Metaspace       used 94601K, capacity 101182K, committed 101376K, reserved 1136640K
  class space    used 13157K, capacity 14548K, committed 14592K, reserved 1048576K
}
Event: 126.699 GC heap before
{Heap before GC invocations=59 (full 4):
 PSYoungGen      total 133632K, used 119120K [0x00000000f5580000, 0x0000000100000000, 0x0000000100000000)
  eden space 99840K, 100% used [0x00000000f5580000,0x00000000fb700000,0x00000000fb700000)
  from space 33792K, 57% used [0x00000000fdf00000,0x00000000ff1d4200,0x0000000100000000)
  to   space 37376K, 0% used [0x00000000fb700000,0x00000000fb700000,0x00000000fdb80000)
 ParOldGen       total 229376K, used 94212K [0x00000000e0000000, 0x00000000ee000000, 0x00000000f5580000)
  object space 229376K, 41% used [0x00000000e0000000,0x00000000e5c01238,0x00000000ee000000)
 Metaspace       used 95685K, capacity 102566K, committed 102784K, reserved 1136640K
  class space    used 13274K, capacity 14684K, committed 14720K, reserved 1048576K
Event: 126.729 GC heap after
Heap after GC invocations=59 (full 4):
 PSYoungGen      total 137216K, used 9420K [0x00000000f5580000, 0x00000000fff80000, 0x0000000100000000)
  eden space 99840K, 0% used [0x00000000f5580000,0x00000000f5580000,0x00000000fb700000)
  from space 37376K, 25% used [0x00000000fb700000,0x00000000fc033000,0x00000000fdb80000)
  to   space 35328K, 0% used [0x00000000fdd00000,0x00000000fdd00000,0x00000000fff80000)
 ParOldGen       total 229376K, used 108528K [0x00000000e0000000, 0x00000000ee000000, 0x00000000f5580000)
  object space 229376K, 47% used [0x00000000e0000000,0x00000000e69fc2c8,0x00000000ee000000)
 Metaspace       used 95685K, capacity 102566K, committed 102784K, reserved 1136640K
  class space    used 13274K, capacity 14684K, committed 14720K, reserved 1048576K
}
Event: 127.082 GC heap before
{Heap before GC invocations=60 (full 4):
 PSYoungGen      total 137216K, used 109260K [0x00000000f5580000, 0x00000000fff80000, 0x0000000100000000)
  eden space 99840K, 100% used [0x00000000f5580000,0x00000000fb700000,0x00000000fb700000)
  from space 37376K, 25% used [0x00000000fb700000,0x00000000fc033000,0x00000000fdb80000)
  to   space 35328K, 0% used [0x00000000fdd00000,0x00000000fdd00000,0x00000000fff80000)
 ParOldGen       total 229376K, used 108533K [0x00000000e0000000, 0x00000000ee000000, 0x00000000f5580000)
  object space 229376K, 47% used [0x00000000e0000000,0x00000000e69fd670,0x00000000ee000000)
 Metaspace       used 95840K, capacity 102726K, committed 102784K, reserved 1136640K
  class space    used 13285K, capacity 14690K, committed 14720K, reserved 1048576K
Event: 127.100 GC heap after
Heap after GC invocations=60 (full 4):
 PSYoungGen      total 130560K, used 11007K [0x00000000f5580000, 0x00000000ff900000, 0x0000000100000000)
  eden space 101888K, 0% used [0x00000000f5580000,0x00000000f5580000,0x00000000fb900000)
  from space 28672K, 38% used [0x00000000fdd00000,0x00000000fe7bfdd8,0x00000000ff900000)
  to   space 32768K, 0% used [0x00000000fb900000,0x00000000fb900000,0x00000000fd900000)
 ParOldGen       total 229376K, used 115527K [0x00000000e0000000, 0x00000000ee000000, 0x00000000f5580000)
  object space 229376K, 50% used [0x00000000e0000000,0x00000000e70d1df0,0x00000000ee000000)
 Metaspace       used 95840K, capacity 102726K, committed 102784K, reserved 1136640K
  class space    used 13285K, capacity 14690K, committed 14720K, reserved 1048576K
}
Event: 127.420 GC heap before
{Heap before GC invocations=61 (full 4):
 PSYoungGen      total 130560K, used 112895K [0x00000000f5580000, 0x00000000ff900000, 0x0000000100000000)
  eden space 101888K, 100% used [0x00000000f5580000,0x00000000fb900000,0x00000000fb900000)
  from space 28672K, 38% used [0x00000000fdd00000,0x00000000fe7bfdd8,0x00000000ff900000)
  to   space 32768K, 0% used [0x00000000fb900000,0x00000000fb900000,0x00000000fd900000)
 ParOldGen       total 229376K, used 115527K [0x00000000e0000000, 0x00000000ee000000, 0x00000000f5580000)
  object space 229376K, 50% used [0x00000000e0000000,0x00000000e70d1df0,0x00000000ee000000)
 Metaspace       used 95898K, capacity 102824K, committed 103040K, reserved 1138688K
  class space    used 13293K, capacity 14697K, committed 14720K, reserved 1048576K
Event: 127.438 GC heap after
Heap after GC invocations=61 (full 4):
 PSYoungGen      total 134656K, used 8290K [0x00000000f5580000, 0x0000000100000000, 0x0000000100000000)
  eden space 101888K, 0% used [0x00000000f5580000,0x00000000f5580000,0x00000000fb900000)
  from space 32768K, 25% used [0x00000000fb900000,0x00000000fc118840,0x00000000fd900000)
  to   space 31232K, 0% used [0x00000000fe180000,0x00000000fe180000,0x0000000100000000)
 ParOldGen       total 229376K, used 121428K [0x00000000e0000000, 0x00000000ee000000, 0x00000000f5580000)
  object space 229376K, 52% used [0x00000000e0000000,0x00000000e7695158,0x00000000ee000000)
 Metaspace       used 95898K, capacity 102824K, committed 103040K, reserved 1138688K
  class space    used 13293K, capacity 14697K, committed 14720K, reserved 1048576K
}

