# JRE version: Java(TM) SE Runtime Environment (8.0_211-b12) (build 1.8.0_211-b12)
# Java VM: Java HotSpot(TM) 64-Bit Server VM (25.211-b12 mixed mode windows-amd64 compressed oops)
Heap:
 PSYoungGen      total 76288K, used 13779K [0x00000000f5580000, 0x00000000faa80000, 0x0000000100000000)
  eden space 65536K, 21% used [0x00000000f5580000,0x00000000f62f4dd8,0x00000000f9580000)
  from space 10752K, 0% used [0x00000000fa000000,0x00000000fa000000,0x00000000faa80000)
  to   space 10752K, 0% used [0x00000000f9580000,0x00000000f9580000,0x00000000fa000000)
 ParOldGen       total 175104K, used 15909K [0x00000000e0000000, 0x00000000eab00000, 0x00000000f5580000)
  object space 175104K, 9% used [0x00000000e0000000,0x00000000e0f89458,0x00000000eab00000)
 Metaspace       used 34431K, capacity 35490K, committed 35624K, reserved 1079296K
  class space    used 4638K, capacity 4871K, committed 4992K, reserved 1048576K
GC Heap History (10 events):
Event: 4.392 GC heap before
{Heap before GC invocations=4 (full 0):
 PSYoungGen      total 76288K, used 29154K [0x00000000f5580000, 0x00000000faa80000, 0x0000000100000000)
  eden space 65536K, 28% used [0x00000000f5580000,0x00000000f677f880,0x00000000f9580000)
  from space 10752K, 99% used [0x00000000f9580000,0x00000000f9ff92f8,0x00000000fa000000)
  to   space 10752K, 0% used [0x00000000fa000000,0x00000000fa000000,0x00000000faa80000)
 ParOldGen       total 175104K, used 638K [0x00000000e0000000, 0x00000000eab00000, 0x00000000f5580000)
  object space 175104K, 0% used [0x00000000e0000000,0x00000000e009faf8,0x00000000eab00000)
 Metaspace       used 20460K, capacity 21114K, committed 21296K, reserved 1067008K
  class space    used 3015K, capacity 3175K, committed 3200K, reserved 1048576K
Event: 4.398 GC heap after
Heap after GC invocations=4 (full 0):
 PSYoungGen      total 76288K, used 8176K [0x00000000f5580000, 0x00000000faa80000, 0x0000000100000000)
  eden space 65536K, 0% used [0x00000000f5580000,0x00000000f5580000,0x00000000f9580000)
  from space 10752K, 76% used [0x00000000fa000000,0x00000000fa7fc058,0x00000000faa80000)
  to   space 10752K, 0% used [0x00000000f9580000,0x00000000f9580000,0x00000000fa000000)
 ParOldGen       total 175104K, used 646K [0x00000000e0000000, 0x00000000eab00000, 0x00000000f5580000)
  object space 175104K, 0% used [0x00000000e0000000,0x00000000e00a1af8,0x00000000eab00000)
 Metaspace       used 20460K, capacity 21114K, committed 21296K, reserved 1067008K
  class space    used 3015K, capacity 3175K, committed 3200K, reserved 1048576K
}
Event: 4.398 GC heap before
{Heap before GC invocations=5 (full 1):
 PSYoungGen      total 76288K, used 8176K [0x00000000f5580000, 0x00000000faa80000, 0x0000000100000000)
  eden space 65536K, 0% used [0x00000000f5580000,0x00000000f5580000,0x00000000f9580000)
  from space 10752K, 76% used [0x00000000fa000000,0x00000000fa7fc058,0x00000000faa80000)
  to   space 10752K, 0% used [0x00000000f9580000,0x00000000f9580000,0x00000000fa000000)
 ParOldGen       total 175104K, used 646K [0x00000000e0000000, 0x00000000eab00000, 0x00000000f5580000)
  object space 175104K, 0% used [0x00000000e0000000,0x00000000e00a1af8,0x00000000eab00000)
 Metaspace       used 20460K, capacity 21114K, committed 21296K, reserved 1067008K
  class space    used 3015K, capacity 3175K, committed 3200K, reserved 1048576K
Event: 4.430 GC heap after
Heap after GC invocations=5 (full 1):
 PSYoungGen      total 76288K, used 0K [0x00000000f5580000, 0x00000000faa80000, 0x0000000100000000)
  eden space 65536K, 0% used [0x00000000f5580000,0x00000000f5580000,0x00000000f9580000)
  from space 10752K, 0% used [0x00000000fa000000,0x00000000fa000000,0x00000000faa80000)
  to   space 10752K, 0% used [0x00000000f9580000,0x00000000f9580000,0x00000000fa000000)
 ParOldGen       total 175104K, used 7981K [0x00000000e0000000, 0x00000000eab00000, 0x00000000f5580000)
  object space 175104K, 4% used [0x00000000e0000000,0x00000000e07cb7e0,0x00000000eab00000)
 Metaspace       used 20460K, capacity 21114K, committed 21296K, reserved 1067008K
  class space    used 3015K, capacity 3175K, committed 3200K, reserved 1048576K
}
Event: 5.109 GC heap before
{Heap before GC invocations=6 (full 1):
 PSYoungGen      total 76288K, used 65536K [0x00000000f5580000, 0x00000000faa80000, 0x0000000100000000)
  eden space 65536K, 100% used [0x00000000f5580000,0x00000000f9580000,0x00000000f9580000)
  from space 10752K, 0% used [0x00000000fa000000,0x00000000fa000000,0x00000000faa80000)
  to   space 10752K, 0% used [0x00000000f9580000,0x00000000f9580000,0x00000000fa000000)
 ParOldGen       total 175104K, used 7981K [0x00000000e0000000, 0x00000000eab00000, 0x00000000f5580000)
  object space 175104K, 4% used [0x00000000e0000000,0x00000000e07cb7e0,0x00000000eab00000)
 Metaspace       used 28779K, capacity 29568K, committed 29696K, reserved 1075200K
  class space    used 4111K, capacity 4286K, committed 4352K, reserved 1048576K
Event: 5.115 GC heap after
Heap after GC invocations=6 (full 1):
 PSYoungGen      total 76288K, used 8294K [0x00000000f5580000, 0x00000000faa80000, 0x0000000100000000)
  eden space 65536K, 0% used [0x00000000f5580000,0x00000000f5580000,0x00000000f9580000)
  from space 10752K, 77% used [0x00000000f9580000,0x00000000f9d99bf8,0x00000000fa000000)
  to   space 10752K, 0% used [0x00000000fa000000,0x00000000fa000000,0x00000000faa80000)
 ParOldGen       total 175104K, used 7989K [0x00000000e0000000, 0x00000000eab00000, 0x00000000f5580000)
  object space 175104K, 4% used [0x00000000e0000000,0x00000000e07cd7e0,0x00000000eab00000)
 Metaspace       used 28779K, capacity 29568K, committed 29696K, reserved 1075200K
  class space    used 4111K, capacity 4286K, committed 4352K, reserved 1048576K
}
Event: 7.042 GC heap before
{Heap before GC invocations=7 (full 1):
 PSYoungGen      total 76288K, used 70347K [0x00000000f5580000, 0x00000000faa80000, 0x0000000100000000)
  eden space 65536K, 94% used [0x00000000f5580000,0x00000000f9219058,0x00000000f9580000)
  from space 10752K, 77% used [0x00000000f9580000,0x00000000f9d99bf8,0x00000000fa000000)
  to   space 10752K, 0% used [0x00000000fa000000,0x00000000fa000000,0x00000000faa80000)
 ParOldGen       total 175104K, used 7989K [0x00000000e0000000, 0x00000000eab00000, 0x00000000f5580000)
  object space 175104K, 4% used [0x00000000e0000000,0x00000000e07cd7e0,0x00000000eab00000)
 Metaspace       used 34343K, capacity 35406K, committed 35496K, reserved 1079296K
  class space    used 4627K, capacity 4864K, committed 4864K, reserved 1048576K
Event: 7.052 GC heap after
Heap after GC invocations=7 (full 1):
 PSYoungGen      total 76288K, used 9432K [0x00000000f5580000, 0x00000000faa80000, 0x0000000100000000)
  eden space 65536K, 0% used [0x00000000f5580000,0x00000000f5580000,0x00000000f9580000)
  from space 10752K, 87% used [0x00000000fa000000,0x00000000fa9361b8,0x00000000faa80000)
  to   space 10752K, 0% used [0x00000000f9580000,0x00000000f9580000,0x00000000fa000000)
 ParOldGen       total 175104K, used 7997K [0x00000000e0000000, 0x00000000eab00000, 0x00000000f5580000)
  object space 175104K, 4% used [0x00000000e0000000,0x00000000e07cf7e0,0x00000000eab00000)
 Metaspace       used 34343K, capacity 35406K, committed 35496K, reserved 1079296K
  class space    used 4627K, capacity 4864K, committed 4864K, reserved 1048576K
}
Event: 7.052 GC heap before
{Heap before GC invocations=8 (full 2):
 PSYoungGen      total 76288K, used 9432K [0x00000000f5580000, 0x00000000faa80000, 0x0000000100000000)
  eden space 65536K, 0% used [0x00000000f5580000,0x00000000f5580000,0x00000000f9580000)
  from space 10752K, 87% used [0x00000000fa000000,0x00000000fa9361b8,0x00000000faa80000)
  to   space 10752K, 0% used [0x00000000f9580000,0x00000000f9580000,0x00000000fa000000)
 ParOldGen       total 175104K, used 7997K [0x00000000e0000000, 0x00000000eab00000, 0x00000000f5580000)
  object space 175104K, 4% used [0x00000000e0000000,0x00000000e07cf7e0,0x00000000eab00000)
 Metaspace       used 34343K, capacity 35406K, committed 35496K, reserved 1079296K
  class space    used 4627K, capacity 4864K, committed 4864K, reserved 1048576K
Event: 7.105 GC heap after
Heap after GC invocations=8 (full 2):
 PSYoungGen      total 76288K, used 0K [0x00000000f5580000, 0x00000000faa80000, 0x0000000100000000)
  eden space 65536K, 0% used [0x00000000f5580000,0x00000000f5580000,0x00000000f9580000)
  from space 10752K, 0% used [0x00000000fa000000,0x00000000fa000000,0x00000000faa80000)
  to   space 10752K, 0% used [0x00000000f9580000,0x00000000f9580000,0x00000000fa000000)
 ParOldGen       total 175104K, used 15909K [0x00000000e0000000, 0x00000000eab00000, 0x00000000f5580000)
  object space 175104K, 9% used [0x00000000e0000000,0x00000000e0f89458,0x00000000eab00000)
 Metaspace       used 34239K, capacity 35216K, committed 35496K, reserved 1079296K
  class space    used 4606K, capacity 4822K, committed 4864K, reserved 1048576K
}

